2023-06-07 09:11:21.489 | INFO     | connector.mapper:<module>:10 - ------------------------- Start -------------------------
2023-06-07 09:11:21.490 | INFO     | connector.mapper:<module>:11 - ------------- OpenTime: 2023-06-07 09:11:21 -------------
2023-06-07 09:11:24.394 | INFO     | connector.mapper:select_all_mode:83 - sql sentence => SELECT * FROM `draft`.`album`
2023-06-07 09:58:47.326 | INFO     | connector.mapper:<module>:10 - ------------------------- Start -------------------------
2023-06-07 09:58:47.326 | INFO     | connector.mapper:<module>:11 - ------------- OpenTime: 2023-06-07 09:58:47 -------------
2023-06-07 09:58:50.180 | INFO     | connector.mapper:select_all_mode:83 - sql sentence => SELECT * FROM `draft`.`album`
2023-06-07 09:58:59.491 | INFO     | connector.mapper:<module>:10 - ------------------------- Start -------------------------
2023-06-07 09:58:59.493 | INFO     | connector.mapper:<module>:11 - ------------- OpenTime: 2023-06-07 09:58:59 -------------
2023-06-07 09:59:02.341 | INFO     | connector.mapper:select_all_mode:83 - sql sentence => SELECT * FROM `draft`.`album`
2023-06-07 10:00:09.116 | INFO     | connector.mapper:<module>:10 - ------------------------- Start -------------------------
2023-06-07 10:00:09.118 | INFO     | connector.mapper:<module>:11 - ------------- OpenTime: 2023-06-07 10:00:09 -------------
2023-06-07 10:00:11.304 | INFO     | connector.mapper:select_all_mode:83 - sql sentence => SELECT * FROM `draft`.`album`
2023-06-07 10:00:42.308 | INFO     | connector.mapper:select_all_mode:83 - sql sentence => SELECT * FROM `tafang`.`info`
2023-06-07 10:00:44.530 | INFO     | connector.mapper:increment_reorder_mode:160 - sql sentence => ALTER TABLE tafang.info DROP `id`
2023-06-07 10:00:44.592 | INFO     | connector.mapper:increment_reorder_mode:165 - sql sentence => ALTER TABLE tafang.info DROP id
2023-06-07 10:00:44.594 | ERROR    | connector.mapper:increment_reorder_mode:169 - (1091, "Can't DROP 'id'; check that column/key exists")
2023-06-07 10:01:41.520 | INFO     | connector.mapper:<module>:10 - ------------------------- Start -------------------------
2023-06-07 10:01:41.522 | INFO     | connector.mapper:<module>:11 - ------------- OpenTime: 2023-06-07 10:01:41 -------------
2023-06-07 10:01:44.568 | INFO     | connector.mapper:select_all_mode:83 - sql sentence => SELECT * FROM `draft`.`album`
2023-06-07 10:01:47.665 | INFO     | connector.mapper:select_all_mode:83 - sql sentence => SELECT * FROM `tafang`.`info`
2023-06-07 10:04:23.692 | INFO     | connector.mapper:<module>:10 - ------------------------- Start -------------------------
2023-06-07 10:04:23.694 | INFO     | connector.mapper:<module>:11 - ------------- OpenTime: 2023-06-07 10:04:23 -------------
2023-06-07 10:04:27.703 | INFO     | connector.mapper:select_all_mode:83 - sql sentence => SELECT * FROM `tafang`.`info`
2023-06-07 10:04:48.564 | INFO     | connector.mapper:delete_mode:135 - sql sentence => DELETE FROM `tafang`.`info` WHERE 
2023-06-07 10:04:48.567 | ERROR    | connector.mapper:delete_mode:141 - (1064, "You have an error in your SQL syntax; check the manual that corresponds to your MySQL server version for the right syntax to use near '' at line 1")
2023-06-07 10:04:53.382 | INFO     | connector.mapper:select_all_mode:83 - sql sentence => SELECT * FROM `tafang`.`info`
2023-06-07 10:04:58.643 | INFO     | connector.mapper:delete_mode:135 - sql sentence => DELETE FROM `tafang`.`info` WHERE 
2023-06-07 10:04:58.644 | ERROR    | connector.mapper:delete_mode:141 - (1064, "You have an error in your SQL syntax; check the manual that corresponds to your MySQL server version for the right syntax to use near '' at line 1")
2023-06-07 10:13:17.183 | INFO     | connector.mapper:<module>:10 - ------------------------- Start -------------------------
2023-06-07 10:13:17.186 | INFO     | connector.mapper:<module>:11 - ------------- OpenTime: 2023-06-07 10:13:17 -------------
2023-06-07 10:13:21.571 | INFO     | connector.mapper:select_all_mode:83 - sql sentence => SELECT * FROM `draft`.`album`
2023-06-07 10:13:57.069 | INFO     | connector.mapper:<module>:10 - ------------------------- Start -------------------------
2023-06-07 10:13:57.073 | INFO     | connector.mapper:<module>:11 - ------------- OpenTime: 2023-06-07 10:13:57 -------------
2023-06-07 10:13:59.824 | INFO     | connector.mapper:select_all_mode:83 - sql sentence => SELECT * FROM `draft`.`album`
2023-06-07 10:15:31.887 | INFO     | connector.mapper:<module>:10 - ------------------------- Start -------------------------
2023-06-07 10:15:31.889 | INFO     | connector.mapper:<module>:11 - ------------- OpenTime: 2023-06-07 10:15:31 -------------
2023-06-07 10:15:34.464 | INFO     | connector.mapper:select_all_mode:83 - sql sentence => SELECT * FROM `draft`.`album`
2023-06-07 10:43:56.712 | INFO     | connector.mapper:<module>:10 - ------------------------- Start -------------------------
2023-06-07 10:43:56.713 | INFO     | connector.mapper:<module>:11 - ------------- OpenTime: 2023-06-07 10:43:56 -------------
2023-06-07 10:44:13.774 | INFO     | connector.mapper:<module>:10 - ------------------------- Start -------------------------
2023-06-07 10:44:13.777 | INFO     | connector.mapper:<module>:11 - ------------- OpenTime: 2023-06-07 10:44:13 -------------
2023-06-07 10:44:17.213 | INFO     | connector.mapper:select_all_mode:83 - sql sentence => SELECT * FROM `tafang`.`info`
2023-06-07 10:44:40.670 | INFO     | connector.mapper:<module>:10 - ------------------------- Start -------------------------
2023-06-07 10:44:40.672 | INFO     | connector.mapper:<module>:11 - ------------- OpenTime: 2023-06-07 10:44:40 -------------
2023-06-07 10:44:43.641 | INFO     | connector.mapper:select_all_mode:83 - sql sentence => SELECT * FROM `tafang`.`info`
2023-06-07 10:45:46.819 | INFO     | connector.mapper:<module>:10 - ------------------------- Start -------------------------
2023-06-07 10:45:46.821 | INFO     | connector.mapper:<module>:11 - ------------- OpenTime: 2023-06-07 10:45:46 -------------
2023-06-07 10:45:50.305 | INFO     | connector.mapper:select_all_mode:83 - sql sentence => SELECT * FROM `tafang`.`info`
2023-06-07 10:59:06.780 | INFO     | connector.mapper:<module>:10 - ------------------------- Start -------------------------
2023-06-07 10:59:06.782 | INFO     | connector.mapper:<module>:11 - ------------- OpenTime: 2023-06-07 10:59:06 -------------
2023-06-07 10:59:10.160 | INFO     | connector.mapper:select_all_mode:83 - sql sentence => SELECT * FROM `draft`.`album`
2023-06-07 10:59:14.561 | INFO     | connector.mapper:arbitrary_mode:180 - CUSTOMIZED sql sentence => SELECT * FROM INFO
2023-06-07 10:59:14.561 | ERROR    | connector.mapper:arbitrary_mode:186 - (1046, 'No database selected')
2023-06-07 11:01:01.773 | INFO     | connector.mapper:arbitrary_mode:180 - CUSTOMIZED sql sentence => SELECT * FROM album
2023-06-07 11:01:01.774 | ERROR    | connector.mapper:arbitrary_mode:186 - (1046, 'No database selected')
2023-06-07 11:01:29.348 | INFO     | connector.mapper:arbitrary_mode:180 - CUSTOMIZED sql sentence => SELECT * FROM album
2023-06-07 11:01:29.349 | ERROR    | connector.mapper:arbitrary_mode:186 - (1046, 'No database selected')
2023-06-07 11:01:47.409 | INFO     | connector.mapper:arbitrary_mode:180 - CUSTOMIZED sql sentence => SELECT * FROM draft.album
2023-06-07 11:01:47.411 | INFO     | connector.mapper:arbitrary_mode:180 - CUSTOMIZED sql sentence => SELECT COUNT(*) FROM album
2023-06-07 11:01:47.414 | ERROR    | connector.mapper:arbitrary_mode:186 - (1046, 'No database selected')
2023-06-07 11:05:25.122 | INFO     | connector.mapper:<module>:10 - ------------------------- Start -------------------------
2023-06-07 11:05:25.123 | INFO     | connector.mapper:<module>:11 - ------------- OpenTime: 2023-06-07 11:05:25 -------------
2023-06-07 11:05:27.316 | INFO     | connector.mapper:select_all_mode:83 - sql sentence => SELECT * FROM `draft`.`album`
2023-06-07 11:06:11.544 | INFO     | connector.mapper:<module>:10 - ------------------------- Start -------------------------
2023-06-07 11:06:11.545 | INFO     | connector.mapper:<module>:11 - ------------- OpenTime: 2023-06-07 11:06:11 -------------
2023-06-07 11:06:14.775 | INFO     | connector.mapper:select_all_mode:83 - sql sentence => SELECT * FROM `draft`.`album`
2023-06-07 11:08:52.446 | INFO     | connector.mapper:arbitrary_mode:180 - CUSTOMIZED sql sentence => INSERT INTO draft.album (666, 123, title) VALUES (pl, 7, anything)
2023-06-07 11:08:52.448 | ERROR    | connector.mapper:arbitrary_mode:186 - (1064, "You have an error in your SQL syntax; check the manual that corresponds to your MySQL server version for the right syntax to use near '666, 123, title) VALUES (pl, 7, anything)' at line 1")
2023-06-07 11:09:06.179 | INFO     | connector.mapper:<module>:10 - ------------------------- Start -------------------------
2023-06-07 11:09:06.180 | INFO     | connector.mapper:<module>:11 - ------------- OpenTime: 2023-06-07 11:09:06 -------------
2023-06-07 11:09:09.186 | INFO     | connector.mapper:select_all_mode:83 - sql sentence => SELECT * FROM `draft`.`album`
2023-06-07 11:09:12.930 | INFO     | connector.mapper:alter_mode:70 - sql sentence => ALTER TABLE `draft`.`album` MODIFY COLUMN `123` tinyint(4) NULL
2023-06-07 11:09:12.993 | INFO     | connector.mapper:select_all_mode:83 - sql sentence => SELECT * FROM `draft`.`album`
2023-06-07 11:10:08.368 | INFO     | connector.mapper:arbitrary_mode:180 - CUSTOMIZED sql sentence => INSERT INTO draft.album (artist,title) VALUES(123,456)
2023-06-07 11:10:13.665 | INFO     | connector.mapper:select_all_mode:83 - sql sentence => SELECT * FROM `draft`.`album`
2023-06-07 11:29:48.820 | INFO     | connector.mapper:<module>:10 - ------------------------- Start -------------------------
2023-06-07 11:29:48.822 | INFO     | connector.mapper:<module>:11 - ------------- OpenTime: 2023-06-07 11:29:48 -------------
2023-06-07 11:29:54.880 | INFO     | connector.mapper:select_all_mode:83 - sql sentence => SELECT * FROM `draft`.`album`
2023-06-07 12:03:48.766 | INFO     | connector.mapper:<module>:10 - ------------------------- Start -------------------------
2023-06-07 12:03:48.767 | INFO     | connector.mapper:<module>:11 - ------------- OpenTime: 2023-06-07 12:03:48 -------------
2023-06-07 12:04:02.893 | INFO     | connector.mapper:select_all_mode:83 - sql sentence => SELECT * FROM `tafang`.`info`
2023-06-07 12:04:26.186 | INFO     | connector.mapper:arbitrary_mode:182 - CUSTOMIZED sql sentence => ALTER TABLE `tafang`.`info` ADD `id` int(10) PRIMARY KEY NOT NULL AUTO_INCREMENT FIRST
2023-06-07 12:04:41.205 | INFO     | connector.mapper:<module>:10 - ------------------------- Start -------------------------
2023-06-07 12:04:41.206 | INFO     | connector.mapper:<module>:11 - ------------- OpenTime: 2023-06-07 12:04:41 -------------
2023-06-07 12:04:43.817 | INFO     | connector.mapper:select_all_mode:83 - sql sentence => SELECT * FROM `tafang`.`info`
2023-06-07 12:05:06.793 | INFO     | connector.mapper:increment_reorder_mode:160 - sql sentence => ALTER TABLE tafang.info DROP `id`
2023-06-07 12:05:06.823 | INFO     | connector.mapper:increment_reorder_mode:165 - sql sentence => ALTER TABLE `tafang`.`info` ADD `id` int(10) PRIMARY KEY NOT NULL AUTO_INCREMENT FIRST
2023-06-07 12:05:06.900 | INFO     | connector.mapper:select_all_mode:83 - sql sentence => SELECT * FROM `tafang`.`info`
2023-06-07 12:05:14.305 | INFO     | connector.mapper:delete_mode:135 - sql sentence => DELETE FROM `tafang`.`info` WHERE `id`=172
2023-06-07 12:05:14.313 | INFO     | connector.mapper:select_all_mode:83 - sql sentence => SELECT * FROM `tafang`.`info`
2023-06-07 12:05:16.008 | INFO     | connector.mapper:select_all_mode:83 - sql sentence => SELECT * FROM `tafang`.`info`
2023-06-07 12:09:21.133 | INFO     | connector.mapper:<module>:10 - ------------------------- Start -------------------------
2023-06-07 12:09:21.135 | INFO     | connector.mapper:<module>:11 - ------------- OpenTime: 2023-06-07 12:09:21 -------------
2023-06-07 12:09:23.963 | INFO     | connector.mapper:select_all_mode:83 - sql sentence => SELECT * FROM `tafang`.`info`
2023-06-07 12:09:59.148 | INFO     | connector.mapper:arbitrary_mode:182 - CUSTOMIZED sql sentence => select count(*) from tafang.info
2023-06-07 12:19:08.312 | INFO     | connector.mapper:select_all_mode:83 - sql sentence => SELECT * FROM `tafang`.`info`
2023-06-07 12:27:36.636 | INFO     | connector.mapper:<module>:10 - ------------------------- Start -------------------------
2023-06-07 12:27:36.639 | INFO     | connector.mapper:<module>:11 - ------------- OpenTime: 2023-06-07 12:27:36 -------------
2023-06-07 12:27:40.325 | INFO     | connector.mapper:select_all_mode:83 - sql sentence => SELECT * FROM `draft`.`album`
2023-06-07 12:27:49.219 | INFO     | connector.mapper:alter_delete_mode:147 - sql sentence => ALTER TABLE `draft`.`album` DROP `col-5`
2023-06-07 12:27:49.291 | INFO     | connector.mapper:select_all_mode:83 - sql sentence => SELECT * FROM `draft`.`album`
2023-06-07 12:28:47.316 | INFO     | connector.mapper:alter_insert_mode:24 - sql sentence => ALTER TABLE `draft`.`album` ADD `col-6` varchar(10) AFTER `score`
2023-06-07 12:28:47.392 | INFO     | connector.mapper:select_all_mode:83 - sql sentence => SELECT * FROM `draft`.`album`
2023-06-07 12:28:51.433 | INFO     | connector.mapper:alter_mode:45 - sql sentence => ALTER TABLE `draft`.`album` DROP PRIMARY KEY
2023-06-07 12:28:51.462 | INFO     | connector.mapper:alter_mode:70 - sql sentence => ALTER TABLE `draft`.`album` ADD PRIMARY KEY(`col-6`)
2023-06-07 12:28:51.474 | ERROR    | connector.mapper:alter_mode:77 - (1138, 'Invalid use of NULL value')
2023-06-07 12:28:55.165 | INFO     | connector.mapper:alter_mode:70 - sql sentence => ALTER TABLE `draft`.`album` MODIFY COLUMN `col-6` varchar(10) NOT NULL
2023-06-07 12:28:55.175 | ERROR    | connector.mapper:alter_mode:77 - (1138, 'Invalid use of NULL value')
2023-06-07 12:29:18.304 | INFO     | connector.mapper:alter_mode:70 - sql sentence => ALTER TABLE `draft`.`album` CHANGE `col-6` `id` varchar(10) NULL FIRST
2023-06-07 12:29:18.368 | INFO     | connector.mapper:select_all_mode:83 - sql sentence => SELECT * FROM `draft`.`album`
2023-06-07 12:29:20.200 | INFO     | connector.mapper:alter_mode:45 - sql sentence => ALTER TABLE `draft`.`album` DROP PRIMARY KEY
2023-06-07 12:29:20.202 | INFO     | connector.mapper:alter_mode:70 - sql sentence => ALTER TABLE `draft`.`album` ADD PRIMARY KEY(`id`)
2023-06-07 12:29:20.215 | ERROR    | connector.mapper:alter_mode:77 - (1138, 'Invalid use of NULL value')
2023-06-07 12:30:56.157 | INFO     | connector.mapper:select_all_mode:83 - sql sentence => SELECT * FROM `draft`.`album`
2023-06-07 12:46:51.959 | INFO     | connector.mapper:<module>:10 - ------------------------- Start -------------------------
2023-06-07 12:46:51.960 | INFO     | connector.mapper:<module>:11 - ------------- OpenTime: 2023-06-07 12:46:51 -------------
2023-06-07 12:46:54.516 | INFO     | connector.mapper:select_info_mode:85 - sql sentence => SHOW COLUMNS FROM `draft`.`album`
2023-06-07 12:46:54.518 | INFO     | connector.mapper:select_all_mode:104 - sql sentence => SELECT * FROM `draft`.`album`
2023-06-07 12:47:05.924 | INFO     | connector.mapper:alter_mode:45 - sql sentence => ALTER TABLE `draft`.`album` DROP PRIMARY KEY
2023-06-07 12:47:05.925 | INFO     | connector.mapper:alter_mode:70 - sql sentence => ALTER TABLE `draft`.`album` ADD PRIMARY KEY(`id`)
2023-06-07 12:47:05.936 | ERROR    | connector.mapper:alter_mode:77 - (1138, 'Invalid use of NULL value')
2023-06-07 12:47:06.819 | INFO     | connector.mapper:select_info_mode:85 - sql sentence => SHOW COLUMNS FROM `draft`.`album`
2023-06-07 12:47:33.728 | INFO     | connector.mapper:alter_mode:45 - sql sentence => ALTER TABLE `draft`.`album` DROP PRIMARY KEY
2023-06-07 12:47:33.729 | INFO     | connector.mapper:alter_mode:70 - sql sentence => ALTER TABLE `draft`.`album` ADD PRIMARY KEY(`artist`)
2023-06-07 12:47:33.786 | INFO     | connector.mapper:select_all_mode:104 - sql sentence => SELECT * FROM `draft`.`album`
2023-06-07 12:47:39.739 | INFO     | connector.mapper:alter_mode:45 - sql sentence => ALTER TABLE `draft`.`album` DROP PRIMARY KEY
2023-06-07 12:47:39.765 | INFO     | connector.mapper:alter_mode:70 - sql sentence => ALTER TABLE `draft`.`album` ADD PRIMARY KEY(`artist`, `genre`)
2023-06-07 12:47:39.776 | ERROR    | connector.mapper:alter_mode:77 - (1138, 'Invalid use of NULL value')
2023-06-07 12:47:41.281 | INFO     | connector.mapper:select_info_mode:85 - sql sentence => SHOW COLUMNS FROM `draft`.`album`
2023-06-07 12:47:45.188 | INFO     | connector.mapper:select_info_mode:85 - sql sentence => SHOW COLUMNS FROM `draft`.`album`
2023-06-07 12:47:47.452 | INFO     | connector.mapper:select_info_mode:85 - sql sentence => SHOW COLUMNS FROM `draft`.`album`
2023-06-07 12:47:51.539 | INFO     | connector.mapper:alter_mode:45 - sql sentence => ALTER TABLE `draft`.`album` DROP PRIMARY KEY
2023-06-07 12:47:51.541 | INFO     | connector.mapper:alter_mode:70 - sql sentence => ALTER TABLE `draft`.`album` ADD PRIMARY KEY(`artist`)
2023-06-07 12:47:51.601 | INFO     | connector.mapper:select_all_mode:104 - sql sentence => SELECT * FROM `draft`.`album`
2023-06-07 12:48:34.302 | INFO     | connector.mapper:select_info_mode:85 - sql sentence => SHOW COLUMNS FROM `draft`.`album`
